2024-03-04 15:03:56	info	log/config.go:30	日志配置成功:
{"level":"info","time":"2024-03-04 15:04:34","caller":"log/config.go:29","msg":"日志配置成功:"}
{"level":"info","time":"2024-03-04 15:05:34","caller":"log/config.go:29","func":"github.com/lidenger/otpserver/config/log.InitLog","msg":"日志配置成功:"}
{"level":"info","time":"2024-03-04 15:06:19","caller":"log/config.go:29","func":"github.com/lidenger/otpserver/config/log.InitLog","msg":"日志配置成功:"}
{"level":"info","time":"2024-03-04 15:13:43","caller":"log/config.go:35","func":"github.com/lidenger/otpserver/config/log.Info","msg":"日志配置完成%!(EXTRA []interface {}=[])"}
{"level":"info","time":"2024-03-04 15:14:24","caller":"log/config.go:35","func":"github.com/lidenger/otpserver/config/log.Info","msg":"日志配置完成%!(EXTRA []interface {}=[])"}
{"level":"info","time":"2024-03-04 15:15:03","caller":"log/config.go:35","func":"github.com/lidenger/otpserver/config/log.Info","msg":"日志配置完成%!(EXTRA <nil>)"}
{"level":"error","time":"2024-03-04 15:15:37","caller":"zap@v1.27.0/sugar.go:257","func":"go.uber.org/zap.(*SugaredLogger).Infow","msg":"Ignored key without a value.","ignored":null}
{"level":"info","time":"2024-03-04 15:15:37","caller":"log/config.go:35","func":"github.com/lidenger/otpserver/config/log.Info","msg":"日志配置完成"}
{"level":"error","time":"2024-03-04 15:16:02","caller":"zap@v1.27.0/sugar.go:257","func":"go.uber.org/zap.(*SugaredLogger).Infow","msg":"Ignored key without a value.","ignored":null}
{"level":"info","time":"2024-03-04 15:16:02","caller":"log/config.go:35","func":"github.com/lidenger/otpserver/config/log.Info","msg":"日志配置完成"}
{"level":"error","time":"2024-03-04 16:34:06","caller":"zap@v1.27.0/sugar.go:257","func":"go.uber.org/zap.(*SugaredLogger).Infow","msg":"Ignored key without a value.","ignored":null}
{"level":"info","time":"2024-03-04 16:34:06","caller":"log/config.go:34","func":"github.com/lidenger/otpserver/config/log.Info","msg":"日志配置完成"}
{"level":"error","time":"2024-03-04 16:34:06","caller":"zap@v1.27.0/sugar.go:257","func":"go.uber.org/zap.(*SugaredLogger).Infow","msg":"Ignored key without a value.","ignored":[{}]}
{"level":"info","time":"2024-03-04 16:34:06","caller":"log/config.go:34","func":"github.com/lidenger/otpserver/config/log.Info","msg":"rows"}
{"level":"error","time":"2024-03-04 16:35:24","caller":"zap@v1.27.0/sugar.go:257","func":"go.uber.org/zap.(*SugaredLogger).Infow","msg":"Ignored key without a value.","ignored":null}
{"level":"info","time":"2024-03-04 16:35:24","caller":"log/config.go:34","func":"github.com/lidenger/otpserver/config/log.Info","msg":"日志配置完成"}
{"level":"error","time":"2024-03-04 16:35:24","caller":"zap@v1.27.0/sugar.go:257","func":"go.uber.org/zap.(*SugaredLogger).Infow","msg":"Ignored key without a value.","ignored":[{}]}
{"level":"info","time":"2024-03-04 16:35:24","caller":"log/config.go:34","func":"github.com/lidenger/otpserver/config/log.Info","msg":"rows:%+v"}
{"level":"info","time":"2024-03-04 16:36:15","caller":"log/config.go:34","func":"github.com/lidenger/otpserver/config/log.Info","msg":"日志配置完成%!(EXTRA []interface {}=[])"}
{"level":"info","time":"2024-03-04 16:36:15","caller":"log/config.go:34","func":"github.com/lidenger/otpserver/config/log.Info","msg":"rows:[0xc000009350]"}
{"level":"info","time":"2024-03-04 16:37:17","caller":"log/config.go:34","func":"github.com/lidenger/otpserver/config/log.Info","msg":"日志配置完成:[application.log]"}
{"level":"info","time":"2024-03-04 16:37:17","caller":"log/config.go:34","func":"github.com/lidenger/otpserver/config/log.Info","msg":"rows:[0xc0000b4030]"}
{"level":"info","time":"2024-03-04 16:37:57","caller":"log/config.go:34","func":"github.com/lidenger/otpserver/config/log.Info","msg":"日志配置完成:[application.log]"}
{"level":"info","time":"2024-03-04 16:38:22","caller":"log/config.go:34","func":"github.com/lidenger/otpserver/config/log.Info","msg":"rows:[0xc000009368]"}
{"level":"info","time":"2024-03-04 16:39:13","caller":"log/config.go:34","func":"github.com/lidenger/otpserver/config/log.Info","msg":"日志配置完成,日志文件:[application.log]"}
{"level":"info","time":"2024-03-04 16:39:16","caller":"log/config.go:34","func":"github.com/lidenger/otpserver/config/log.Info","msg":"rows:[0xc0000080f0]"}
{"level":"info","time":"2024-03-04 16:47:41","caller":"log/config.go:34","func":"github.com/lidenger/otpserver/config/log.Info","msg":"日志配置完成,日志文件:[application.log]"}
{"level":"info","time":"2024-03-04 16:47:41","caller":"log/config.go:34","func":"github.com/lidenger/otpserver/config/log.Info","msg":"secrets:[[0xc0000a47e0]]"}
{"level":"info","time":"2024-03-04 16:48:20","caller":"log/config.go:34","func":"github.com/lidenger/otpserver/config/log.Info","msg":"日志配置完成,日志文件:[application.log]"}
{"level":"info","time":"2024-03-04 16:48:20","caller":"log/config.go:34","func":"github.com/lidenger/otpserver/config/log.Info","msg":"secret:[0xc0000a47e0]"}
{"level":"info","time":"2024-03-04 16:48:59","caller":"log/config.go:34","func":"github.com/lidenger/otpserver/config/log.Info","msg":"日志配置完成,日志文件:[application.log]"}
{"level":"info","time":"2024-03-04 16:48:59","caller":"log/config.go:34","func":"github.com/lidenger/otpserver/config/log.Info","msg":"secret:[%!s(*model.AccountSecretModel=&{1 123abc lidenger 11 {1 {{0 63845138462 0x16be220} {0 63845138464 0x16be220}}}})]"}
{"level":"info","time":"2024-03-04 16:50:45","caller":"log/config.go:34","func":"github.com/lidenger/otpserver/config/log.Info","msg":"日志配置完成,日志文件:[application.log]"}
{"level":"info","time":"2024-03-04 16:50:45","caller":"log/config.go:34","func":"github.com/lidenger/otpserver/config/log.Info","msg":"secret:[{\"id\":1,\"secret_seed_cipher\":\"123abc\",\"account\":\"lidenger\",\"data_check\":\"11\",\"is_enable\":1,\"create_time\":\"2024-03-04T16:41:02+08:00\",\"update_time\":\"2024-03-04T16:41:04+08:00\"}]"}
